<?xml version="1.0" encoding="UTF-8"?>
<!-- Generated by org.testng.reporters.JUnitReportReporter -->
<testsuite skipped="0" hostname="Gurudeesh-PC" name="tipphalconfreemium.TC002_POST_Request" tests="1" failures="0" timestamp="09 May 2021 19:20:22 GMT" time="0.022" errors="0">
  <testcase name="RegistrationSuccesfull" time="0.022" classname="tipphalconfreemium.TC002_POST_Request"/>
</testsuite> <!-- tipphalconfreemium.TC002_POST_Request -->
